Live reload server started on port: 35729
Press CTRL+C to quit ...

[0;36minfo:[0m 7 plugins are installed 
[0;36minfo:[0m loading plugin "livereload"... [0;32mOK[0m 
[0;36minfo:[0m loading plugin "highlight"... [0;32mOK[0m 
[0;36minfo:[0m loading plugin "search"... [0;32mOK[0m 
[0;36minfo:[0m loading plugin "lunr"... [0;32mOK[0m 
[0;36minfo:[0m loading plugin "sharing"... [0;32mOK[0m 
[0;36minfo:[0m loading plugin "fontsettings"... [0;32mOK[0m 
[0;36minfo:[0m loading plugin "theme-default"... [0;32mOK[0m 
[0;36minfo:[0m found 1 pages 
[0;36minfo:[0m found 1 asset files 
[0;36minfo:[0m [0;32m>> [0mgeneration finished with success in 0.4s ! 

Starting server ...
Serving book on http://localhost:4000
Restart after change in file README.md

Stopping server
[0;36minfo:[0m 7 plugins are installed 
[0;36minfo:[0m loading plugin "livereload"... [0;32mOK[0m 
[0;36minfo:[0m loading plugin "highlight"... [0;32mOK[0m 
[0;36minfo:[0m loading plugin "search"... [0;32mOK[0m 
[0;36minfo:[0m loading plugin "lunr"... [0;32mOK[0m 
[0;36minfo:[0m loading plugin "sharing"... [0;32mOK[0m 
[0;36minfo:[0m loading plugin "fontsettings"... [0;32mOK[0m 
[0;36minfo:[0m loading plugin "theme-default"... [0;32mOK[0m 
[0;36minfo:[0m found 1 pages 
[0;36minfo:[0m found 2 asset files 
[0;36minfo:[0m [0;32m>> [0mgeneration finished with success in 0.5s ! 

Starting server ...
Serving book on http://localhost:4000
Restart after change in file README.md

Stopping server
[0;36minfo:[0m 7 plugins are installed 
[0;36minfo:[0m loading plugin "livereload"... [0;32mOK[0m 
[0;36minfo:[0m loading plugin "highlight"... [0;32mOK[0m 
[0;36minfo:[0m loading plugin "search"... [0;32mOK[0m 
[0;36minfo:[0m loading plugin "lunr"... [0;32mOK[0m 
[0;36minfo:[0m loading plugin "sharing"... [0;32mOK[0m 
[0;36minfo:[0m loading plugin "fontsettings"... [0;32mOK[0m 
[0;36minfo:[0m loading plugin "theme-default"... [0;32mOK[0m 
[0;36minfo:[0m found 1 pages 
[0;36minfo:[0m found 2 asset files 
[0;36minfo:[0m [0;32m>> [0mgeneration finished with success in 0.4s ! 

Starting server ...
Serving book on http://localhost:4000
Restart after change in file README.md

Stopping server
[0;36minfo:[0m 7 plugins are installed 
[0;36minfo:[0m loading plugin "livereload"... [0;32mOK[0m 
[0;36minfo:[0m loading plugin "highlight"... [0;32mOK[0m 
[0;36minfo:[0m loading plugin "search"... [0;32mOK[0m 
[0;36minfo:[0m loading plugin "lunr"... [0;32mOK[0m 
[0;36minfo:[0m loading plugin "sharing"... [0;32mOK[0m 
[0;36minfo:[0m loading plugin "fontsettings"... [0;32mOK[0m 
[0;36minfo:[0m loading plugin "theme-default"... [0;32mOK[0m 
[0;36minfo:[0m found 1 pages 
[0;36minfo:[0m found 2 asset files 
[0;36minfo:[0m [0;32m>> [0mgeneration finished with success in 0.4s ! 

Starting server ...
Serving book on http://localhost:4000
Restart after change in file README.md

Stopping server
[0;36minfo:[0m 7 plugins are installed 
[0;36minfo:[0m loading plugin "livereload"... [0;32mOK[0m 
[0;36minfo:[0m loading plugin "highlight"... [0;32mOK[0m 
[0;36minfo:[0m loading plugin "search"... [0;32mOK[0m 
[0;36minfo:[0m loading plugin "lunr"... [0;32mOK[0m 
[0;36minfo:[0m loading plugin "sharing"... [0;32mOK[0m 
[0;36minfo:[0m loading plugin "fontsettings"... [0;32mOK[0m 
[0;36minfo:[0m loading plugin "theme-default"... [0;32mOK[0m 
[0;36minfo:[0m found 1 pages 
[0;36minfo:[0m found 2 asset files 
[0;36minfo:[0m [0;32m>> [0mgeneration finished with success in 0.4s ! 

Starting server ...
Serving book on http://localhost:4000
Restart after change in file README.md

Stopping server
[0;36minfo:[0m 7 plugins are installed 
[0;36minfo:[0m loading plugin "livereload"... [0;32mOK[0m 
[0;36minfo:[0m loading plugin "highlight"... [0;32mOK[0m 
[0;36minfo:[0m loading plugin "search"... [0;32mOK[0m 
[0;36minfo:[0m loading plugin "lunr"... [0;32mOK[0m 
[0;36minfo:[0m loading plugin "sharing"... [0;32mOK[0m 
[0;36minfo:[0m loading plugin "fontsettings"... [0;32mOK[0m 
[0;36minfo:[0m loading plugin "theme-default"... [0;32mOK[0m 
[0;36minfo:[0m found 1 pages 
[0;36minfo:[0m found 2 asset files 
[0;36minfo:[0m [0;32m>> [0mgeneration finished with success in 0.4s ! 

Starting server ...
Serving book on http://localhost:4000
Restart after change in file README.md

Stopping server
[0;36minfo:[0m 7 plugins are installed 
[0;36minfo:[0m loading plugin "livereload"... [0;32mOK[0m 
[0;36minfo:[0m loading plugin "highlight"... [0;32mOK[0m 
[0;36minfo:[0m loading plugin "search"... [0;32mOK[0m 
[0;36minfo:[0m loading plugin "lunr"... [0;32mOK[0m 
[0;36minfo:[0m loading plugin "sharing"... [0;32mOK[0m 
[0;36minfo:[0m loading plugin "fontsettings"... [0;32mOK[0m 
[0;36minfo:[0m loading plugin "theme-default"... [0;32mOK[0m 
[0;36minfo:[0m found 1 pages 
[0;36minfo:[0m found 2 asset files 
[0;36minfo:[0m [0;32m>> [0mgeneration finished with success in 0.5s ! 

Starting server ...
Serving book on http://localhost:4000
Restart after change in file README.md

Stopping server
[0;36minfo:[0m 7 plugins are installed 
[0;36minfo:[0m loading plugin "livereload"... [0;32mOK[0m 
[0;36minfo:[0m loading plugin "highlight"... [0;32mOK[0m 
[0;36minfo:[0m loading plugin "search"... [0;32mOK[0m 
[0;36minfo:[0m loading plugin "lunr"... [0;32mOK[0m 
[0;36minfo:[0m loading plugin "sharing"... [0;32mOK[0m 
[0;36minfo:[0m loading plugin "fontsettings"... [0;32mOK[0m 
[0;36minfo:[0m loading plugin "theme-default"... [0;32mOK[0m 
[0;36minfo:[0m found 1 pages 
[0;36minfo:[0m found 2 asset files 
[0;36minfo:[0m [0;32m>> [0mgeneration finished with success in 0.5s ! 

Starting server ...
Serving book on http://localhost:4000
Restart after change in file README.md

Stopping server
[0;36minfo:[0m 7 plugins are installed 
[0;36minfo:[0m loading plugin "livereload"... [0;32mOK[0m 
[0;36minfo:[0m loading plugin "highlight"... [0;32mOK[0m 
[0;36minfo:[0m loading plugin "search"... [0;32mOK[0m 
[0;36minfo:[0m loading plugin "lunr"... [0;32mOK[0m 
[0;36minfo:[0m loading plugin "sharing"... [0;32mOK[0m 
[0;36minfo:[0m loading plugin "fontsettings"... [0;32mOK[0m 
[0;36minfo:[0m loading plugin "theme-default"... [0;32mOK[0m 
[0;36minfo:[0m found 1 pages 
[0;36minfo:[0m found 2 asset files 
[0;36minfo:[0m [0;32m>> [0mgeneration finished with success in 0.5s ! 

Starting server ...
Serving book on http://localhost:4000
Restart after change in file README.md

Stopping server
[0;36minfo:[0m 7 plugins are installed 
[0;36minfo:[0m loading plugin "livereload"... [0;32mOK[0m 
[0;36minfo:[0m loading plugin "highlight"... [0;32mOK[0m 
[0;36minfo:[0m loading plugin "search"... [0;32mOK[0m 
[0;36minfo:[0m loading plugin "lunr"... [0;32mOK[0m 
[0;36minfo:[0m loading plugin "sharing"... [0;32mOK[0m 
[0;36minfo:[0m loading plugin "fontsettings"... [0;32mOK[0m 
[0;36minfo:[0m loading plugin "theme-default"... [0;32mOK[0m 
[0;36minfo:[0m found 1 pages 
[0;36minfo:[0m found 2 asset files 
[0;36minfo:[0m [0;32m>> [0mgeneration finished with success in 0.5s ! 

Starting server ...
Serving book on http://localhost:4000
Restart after change in file README.md

Stopping server
[0;36minfo:[0m 7 plugins are installed 
[0;36minfo:[0m loading plugin "livereload"... [0;32mOK[0m 
[0;36minfo:[0m loading plugin "highlight"... [0;32mOK[0m 
[0;36minfo:[0m loading plugin "search"... [0;32mOK[0m 
[0;36minfo:[0m loading plugin "lunr"... [0;32mOK[0m 
[0;36minfo:[0m loading plugin "sharing"... [0;32mOK[0m 
[0;36minfo:[0m loading plugin "fontsettings"... [0;32mOK[0m 
[0;36minfo:[0m loading plugin "theme-default"... [0;32mOK[0m 
[0;36minfo:[0m found 1 pages 
[0;36minfo:[0m found 3 asset files 
[0;36minfo:[0m [0;32m>> [0mgeneration finished with success in 0.5s ! 

Starting server ...
Serving book on http://localhost:4000
Restart after change in file README.md

Stopping server
[0;36minfo:[0m 7 plugins are installed 
[0;36minfo:[0m loading plugin "livereload"... [0;32mOK[0m 
[0;36minfo:[0m loading plugin "highlight"... [0;32mOK[0m 
[0;36minfo:[0m loading plugin "search"... [0;32mOK[0m 
[0;36minfo:[0m loading plugin "lunr"... [0;32mOK[0m 
[0;36minfo:[0m loading plugin "sharing"... [0;32mOK[0m 
[0;36minfo:[0m loading plugin "fontsettings"... [0;32mOK[0m 
[0;36minfo:[0m loading plugin "theme-default"... [0;32mOK[0m 
[0;36minfo:[0m found 1 pages 
[0;36minfo:[0m found 3 asset files 
[0;36minfo:[0m [0;32m>> [0mgeneration finished with success in 0.5s ! 

Starting server ...
Serving book on http://localhost:4000
Restart after change in file README.md

Stopping server
[0;36minfo:[0m 7 plugins are installed 
[0;36minfo:[0m loading plugin "livereload"... [0;32mOK[0m 
[0;36minfo:[0m loading plugin "highlight"... [0;32mOK[0m 
[0;36minfo:[0m loading plugin "search"... [0;32mOK[0m 
[0;36minfo:[0m loading plugin "lunr"... [0;32mOK[0m 
[0;36minfo:[0m loading plugin "sharing"... [0;32mOK[0m 
[0;36minfo:[0m loading plugin "fontsettings"... [0;32mOK[0m 
[0;36minfo:[0m loading plugin "theme-default"... [0;32mOK[0m 
[0;36minfo:[0m found 1 pages 
[0;36minfo:[0m found 3 asset files 
[0;36minfo:[0m [0;32m>> [0mgeneration finished with success in 0.6s ! 

Starting server ...
Serving book on http://localhost:4000
Restart after change in file README.md

Stopping server
[0;36minfo:[0m 7 plugins are installed 
[0;36minfo:[0m loading plugin "livereload"... [0;32mOK[0m 
[0;36minfo:[0m loading plugin "highlight"... [0;32mOK[0m 
[0;36minfo:[0m loading plugin "search"... [0;32mOK[0m 
[0;36minfo:[0m loading plugin "lunr"... [0;32mOK[0m 
[0;36minfo:[0m loading plugin "sharing"... [0;32mOK[0m 
[0;36minfo:[0m loading plugin "fontsettings"... [0;32mOK[0m 
[0;36minfo:[0m loading plugin "theme-default"... [0;32mOK[0m 
[0;36minfo:[0m found 1 pages 
[0;36minfo:[0m found 3 asset files 
[0;36minfo:[0m [0;32m>> [0mgeneration finished with success in 0.6s ! 

Starting server ...
Serving book on http://localhost:4000
Restart after change in file README.md

Stopping server
[0;36minfo:[0m 7 plugins are installed 
[0;36minfo:[0m loading plugin "livereload"... [0;32mOK[0m 
[0;36minfo:[0m loading plugin "highlight"... [0;32mOK[0m 
[0;36minfo:[0m loading plugin "search"... [0;32mOK[0m 
[0;36minfo:[0m loading plugin "lunr"... [0;32mOK[0m 
[0;36minfo:[0m loading plugin "sharing"... [0;32mOK[0m 
[0;36minfo:[0m loading plugin "fontsettings"... [0;32mOK[0m 
[0;36minfo:[0m loading plugin "theme-default"... [0;32mOK[0m 
[0;36minfo:[0m found 1 pages 
[0;36minfo:[0m found 3 asset files 
[0;36minfo:[0m [0;32m>> [0mgeneration finished with success in 0.5s ! 

Starting server ...
Serving book on http://localhost:4000
Restart after change in file README.md

Stopping server
[0;36minfo:[0m 7 plugins are installed 
[0;36minfo:[0m loading plugin "livereload"... [0;32mOK[0m 
[0;36minfo:[0m loading plugin "highlight"... [0;32mOK[0m 
[0;36minfo:[0m loading plugin "search"... [0;32mOK[0m 
[0;36minfo:[0m loading plugin "lunr"... [0;32mOK[0m 
[0;36minfo:[0m loading plugin "sharing"... [0;32mOK[0m 
[0;36minfo:[0m loading plugin "fontsettings"... [0;32mOK[0m 
[0;36minfo:[0m loading plugin "theme-default"... [0;32mOK[0m 
[0;36minfo:[0m found 1 pages 
[0;36minfo:[0m found 3 asset files 
[0;36minfo:[0m [0;32m>> [0mgeneration finished with success in 0.5s ! 

Starting server ...
Serving book on http://localhost:4000
Restart after change in file README.md

Stopping server
[0;36minfo:[0m 7 plugins are installed 
[0;36minfo:[0m loading plugin "livereload"... [0;32mOK[0m 
[0;36minfo:[0m loading plugin "highlight"... [0;32mOK[0m 
[0;36minfo:[0m loading plugin "search"... [0;32mOK[0m 
[0;36minfo:[0m loading plugin "lunr"... [0;32mOK[0m 
[0;36minfo:[0m loading plugin "sharing"... [0;32mOK[0m 
[0;36minfo:[0m loading plugin "fontsettings"... [0;32mOK[0m 
[0;36minfo:[0m loading plugin "theme-default"... [0;32mOK[0m 
[0;36minfo:[0m found 1 pages 
[0;36minfo:[0m found 3 asset files 
[0;36minfo:[0m [0;32m>> [0mgeneration finished with success in 0.4s ! 

Starting server ...
Serving book on http://localhost:4000
Restart after change in file README.md

Stopping server
[0;36minfo:[0m 7 plugins are installed 
[0;36minfo:[0m loading plugin "livereload"... [0;32mOK[0m 
[0;36minfo:[0m loading plugin "highlight"... [0;32mOK[0m 
[0;36minfo:[0m loading plugin "search"... [0;32mOK[0m 
[0;36minfo:[0m loading plugin "lunr"... [0;32mOK[0m 
[0;36minfo:[0m loading plugin "sharing"... [0;32mOK[0m 
[0;36minfo:[0m loading plugin "fontsettings"... [0;32mOK[0m 
[0;36minfo:[0m loading plugin "theme-default"... [0;32mOK[0m 
[0;36minfo:[0m found 1 pages 
[0;36minfo:[0m found 3 asset files 
[0;36minfo:[0m [0;32m>> [0mgeneration finished with success in 0.6s ! 

Starting server ...
Serving book on http://localhost:4000
Restart after change in file README.md

Stopping server
[0;36minfo:[0m 7 plugins are installed 
[0;36minfo:[0m loading plugin "livereload"... [0;32mOK[0m 
[0;36minfo:[0m loading plugin "highlight"... [0;32mOK[0m 
[0;36minfo:[0m loading plugin "search"... [0;32mOK[0m 
[0;36minfo:[0m loading plugin "lunr"... [0;32mOK[0m 
[0;36minfo:[0m loading plugin "sharing"... [0;32mOK[0m 
[0;36minfo:[0m loading plugin "fontsettings"... [0;32mOK[0m 
[0;36minfo:[0m loading plugin "theme-default"... [0;32mOK[0m 
[0;36minfo:[0m found 1 pages 
[0;36minfo:[0m found 3 asset files 
[0;36minfo:[0m [0;32m>> [0mgeneration finished with success in 0.6s ! 

Starting server ...
Serving book on http://localhost:4000
Restart after change in file README.md

Stopping server
[0;36minfo:[0m 7 plugins are installed 
[0;36minfo:[0m loading plugin "livereload"... [0;32mOK[0m 
[0;36minfo:[0m loading plugin "highlight"... [0;32mOK[0m 
[0;36minfo:[0m loading plugin "search"... [0;32mOK[0m 
[0;36minfo:[0m loading plugin "lunr"... [0;32mOK[0m 
[0;36minfo:[0m loading plugin "sharing"... [0;32mOK[0m 
[0;36minfo:[0m loading plugin "fontsettings"... [0;32mOK[0m 
[0;36minfo:[0m loading plugin "theme-default"... [0;32mOK[0m 
[0;36minfo:[0m found 1 pages 
[0;36minfo:[0m found 3 asset files 
[0;36minfo:[0m [0;32m>> [0mgeneration finished with success in 0.6s ! 

Starting server ...
Serving book on http://localhost:4000
Restart after change in file README.md

Stopping server
[0;36minfo:[0m 7 plugins are installed 
[0;36minfo:[0m loading plugin "livereload"... [0;32mOK[0m 
[0;36minfo:[0m loading plugin "highlight"... [0;32mOK[0m 
[0;36minfo:[0m loading plugin "search"... [0;32mOK[0m 
[0;36minfo:[0m loading plugin "lunr"... [0;32mOK[0m 
[0;36minfo:[0m loading plugin "sharing"... [0;32mOK[0m 
[0;36minfo:[0m loading plugin "fontsettings"... [0;32mOK[0m 
[0;36minfo:[0m loading plugin "theme-default"... [0;32mOK[0m 
[0;36minfo:[0m found 1 pages 
[0;36minfo:[0m found 3 asset files 
[0;36minfo:[0m [0;32m>> [0mgeneration finished with success in 0.6s ! 

Starting server ...
Serving book on http://localhost:4000
Restart after change in file README.md

Stopping server
[0;36minfo:[0m 7 plugins are installed 
[0;36minfo:[0m loading plugin "livereload"... [0;32mOK[0m 
[0;36minfo:[0m loading plugin "highlight"... [0;32mOK[0m 
[0;36minfo:[0m loading plugin "search"... [0;32mOK[0m 
[0;36minfo:[0m loading plugin "lunr"... [0;32mOK[0m 
[0;36minfo:[0m loading plugin "sharing"... [0;32mOK[0m 
[0;36minfo:[0m loading plugin "fontsettings"... [0;32mOK[0m 
[0;36minfo:[0m loading plugin "theme-default"... [0;32mOK[0m 
[0;36minfo:[0m found 1 pages 
[0;36minfo:[0m found 3 asset files 
[0;36minfo:[0m [0;32m>> [0mgeneration finished with success in 0.7s ! 

Starting server ...
Serving book on http://localhost:4000
Live reload server started on port: 35729
Press CTRL+C to quit ...

[0;36minfo:[0m 7 plugins are installed 
[0;36minfo:[0m loading plugin "livereload"... [0;32mOK[0m 
[0;36minfo:[0m loading plugin "highlight"... [0;32mOK[0m 
[0;36minfo:[0m loading plugin "search"... [0;32mOK[0m 
[0;36minfo:[0m loading plugin "lunr"... [0;32mOK[0m 
[0;36minfo:[0m loading plugin "sharing"... [0;32mOK[0m 
[0;36minfo:[0m loading plugin "fontsettings"... [0;32mOK[0m 
[0;36minfo:[0m loading plugin "theme-default"... [0;32mOK[0m 
[0;36minfo:[0m found 1 pages 
[0;36minfo:[0m found 1 asset files 
[0;36minfo:[0m [0;32m>> [0mgeneration finished with success in 0.4s ! 

Starting server ...
Serving book on http://localhost:4000
Restart after change in file README.md

Stopping server
[0;36minfo:[0m 7 plugins are installed 
[0;36minfo:[0m loading plugin "livereload"... [0;32mOK[0m 
[0;36minfo:[0m loading plugin "highlight"... [0;32mOK[0m 
[0;36minfo:[0m loading plugin "search"... [0;32mOK[0m 
[0;36minfo:[0m loading plugin "lunr"... [0;32mOK[0m 
[0;36minfo:[0m loading plugin "sharing"... [0;32mOK[0m 
[0;36minfo:[0m loading plugin "fontsettings"... [0;32mOK[0m 
[0;36minfo:[0m loading plugin "theme-default"... [0;32mOK[0m 
[0;36minfo:[0m found 1 pages 
[0;36minfo:[0m found 2 asset files 
[0;36minfo:[0m [0;32m>> [0mgeneration finished with success in 0.5s ! 

Starting server ...
Serving book on http://localhost:4000
Restart after change in file SUMMARY.md

Stopping server
[0;36minfo:[0m 7 plugins are installed 
[0;36minfo:[0m loading plugin "livereload"... [0;32mOK[0m 
[0;36minfo:[0m loading plugin "highlight"... [0;32mOK[0m 
[0;36minfo:[0m loading plugin "search"... [0;32mOK[0m 
[0;36minfo:[0m loading plugin "lunr"... [0;32mOK[0m 
[0;36minfo:[0m loading plugin "sharing"... [0;32mOK[0m 
[0;36minfo:[0m loading plugin "fontsettings"... [0;32mOK[0m 
[0;36minfo:[0m loading plugin "theme-default"... [0;32mOK[0m 
[0;36minfo:[0m found 1 pages 
[0;36minfo:[0m found 3 asset files 
[0;36minfo:[0m [0;32m>> [0mgeneration finished with success in 0.4s ! 

Starting server ...
Serving book on http://localhost:4000
Restart after change in file README.md

Stopping server
[0;36minfo:[0m 7 plugins are installed 
[0;36minfo:[0m loading plugin "livereload"... [0;32mOK[0m 
[0;36minfo:[0m loading plugin "highlight"... [0;32mOK[0m 
[0;36minfo:[0m loading plugin "search"... [0;32mOK[0m 
[0;36minfo:[0m loading plugin "lunr"... [0;32mOK[0m 
[0;36minfo:[0m loading plugin "sharing"... [0;32mOK[0m 
[0;36minfo:[0m loading plugin "fontsettings"... [0;32mOK[0m 
[0;36minfo:[0m loading plugin "theme-default"... [0;32mOK[0m 
[0;36minfo:[0m found 1 pages 
[0;36minfo:[0m found 3 asset files 
[0;36minfo:[0m [0;32m>> [0mgeneration finished with success in 0.4s ! 

Starting server ...
Serving book on http://localhost:4000
Restart after change in file 20200701/note.md

Stopping server
[0;36minfo:[0m 7 plugins are installed 
[0;36minfo:[0m loading plugin "livereload"... [0;32mOK[0m 
[0;36minfo:[0m loading plugin "highlight"... [0;32mOK[0m 
[0;36minfo:[0m loading plugin "search"... [0;32mOK[0m 
[0;36minfo:[0m loading plugin "lunr"... [0;32mOK[0m 
[0;36minfo:[0m loading plugin "sharing"... [0;32mOK[0m 
[0;36minfo:[0m loading plugin "fontsettings"... [0;32mOK[0m 
[0;36minfo:[0m loading plugin "theme-default"... [0;32mOK[0m 
[0;36minfo:[0m found 1 pages 
[0;36minfo:[0m found 4 asset files 
[0;36minfo:[0m [0;32m>> [0mgeneration finished with success in 0.5s ! 

Starting server ...
Serving book on http://localhost:4000
Restart after change in file 202006/note.md

Stopping server
[0;36minfo:[0m 7 plugins are installed 
[0;36minfo:[0m loading plugin "livereload"... [0;32mOK[0m 
[0;36minfo:[0m loading plugin "highlight"... [0;32mOK[0m 
[0;36minfo:[0m loading plugin "search"... [0;32mOK[0m 
[0;36minfo:[0m loading plugin "lunr"... [0;32mOK[0m 
[0;36minfo:[0m loading plugin "sharing"... [0;32mOK[0m 
[0;36minfo:[0m loading plugin "fontsettings"... [0;32mOK[0m 
[0;36minfo:[0m loading plugin "theme-default"... [0;32mOK[0m 
[0;36minfo:[0m found 1 pages 
[0;36minfo:[0m found 5 asset files 
[0;36minfo:[0m [0;32m>> [0mgeneration finished with success in 0.4s ! 

Starting server ...
Serving book on http://localhost:4000
Restart after change in file 202006/note.md

Stopping server
[0;36minfo:[0m 7 plugins are installed 
[0;36minfo:[0m loading plugin "livereload"... [0;32mOK[0m 
[0;36minfo:[0m loading plugin "highlight"... [0;32mOK[0m 
[0;36minfo:[0m loading plugin "search"... [0;32mOK[0m 
[0;36minfo:[0m loading plugin "lunr"... [0;32mOK[0m 
[0;36minfo:[0m loading plugin "sharing"... [0;32mOK[0m 
[0;36minfo:[0m loading plugin "fontsettings"... [0;32mOK[0m 
[0;36minfo:[0m loading plugin "theme-default"... [0;32mOK[0m 
[0;36minfo:[0m found 1 pages 
[0;36minfo:[0m found 5 asset files 
[0;36minfo:[0m [0;32m>> [0mgeneration finished with success in 0.4s ! 

Starting server ...
Serving book on http://localhost:4000
Restart after change in file 202006/note.md

Stopping server
[0;36minfo:[0m 7 plugins are installed 
[0;36minfo:[0m loading plugin "livereload"... [0;32mOK[0m 
[0;36minfo:[0m loading plugin "highlight"... [0;32mOK[0m 
[0;36minfo:[0m loading plugin "search"... [0;32mOK[0m 
[0;36minfo:[0m loading plugin "lunr"... [0;32mOK[0m 
[0;36minfo:[0m loading plugin "sharing"... [0;32mOK[0m 
[0;36minfo:[0m loading plugin "fontsettings"... [0;32mOK[0m 
[0;36minfo:[0m loading plugin "theme-default"... [0;32mOK[0m 
[0;36minfo:[0m found 1 pages 
[0;36minfo:[0m found 4 asset files 
[0;36minfo:[0m [0;32m>> [0mgeneration finished with success in 0.4s ! 

Starting server ...
Serving book on http://localhost:4000
Restart after change in file SUMMARY.md

Stopping server
[0;36minfo:[0m 7 plugins are installed 
[0;36minfo:[0m loading plugin "livereload"... [0;32mOK[0m 
[0;36minfo:[0m loading plugin "highlight"... [0;32mOK[0m 
[0;36minfo:[0m loading plugin "search"... [0;32mOK[0m 
[0;36minfo:[0m loading plugin "lunr"... [0;32mOK[0m 
[0;36minfo:[0m loading plugin "sharing"... [0;32mOK[0m 
[0;36minfo:[0m loading plugin "fontsettings"... [0;32mOK[0m 
[0;36minfo:[0m loading plugin "theme-default"... [0;32mOK[0m 
[0;36minfo:[0m found 3 pages 
[0;36minfo:[0m found 2 asset files 
[0;36minfo:[0m [0;32m>> [0mgeneration finished with success in 0.7s ! 

Starting server ...
Serving book on http://localhost:4000
Restart after change in file SUMMARY.md

Stopping server
[0;36minfo:[0m 7 plugins are installed 
[0;36minfo:[0m loading plugin "livereload"... [0;32mOK[0m 
[0;36minfo:[0m loading plugin "highlight"... [0;32mOK[0m 
[0;36minfo:[0m loading plugin "search"... [0;32mOK[0m 
[0;36minfo:[0m loading plugin "lunr"... [0;32mOK[0m 
[0;36minfo:[0m loading plugin "sharing"... [0;32mOK[0m 
[0;36minfo:[0m loading plugin "fontsettings"... [0;32mOK[0m 
[0;36minfo:[0m loading plugin "theme-default"... [0;32mOK[0m 
[0;36minfo:[0m found 3 pages 
[0;36minfo:[0m found 2 asset files 
[0;36minfo:[0m [0;32m>> [0mgeneration finished with success in 0.7s ! 

Starting server ...
Serving book on http://localhost:4000
Restart after change in file README.md

Stopping server

[0;31mFileNotFoundError: No "README" file (or is ignored)[0m
Live reload server started on port: 35729
Press CTRL+C to quit ...

[0;36minfo:[0m 7 plugins are installed 
[0;36minfo:[0m loading plugin "livereload"... [0;32mOK[0m 
[0;36minfo:[0m loading plugin "highlight"... [0;32mOK[0m 
[0;36minfo:[0m loading plugin "search"... [0;32mOK[0m 
[0;36minfo:[0m loading plugin "lunr"... [0;32mOK[0m 
[0;36minfo:[0m loading plugin "sharing"... [0;32mOK[0m 
[0;36minfo:[0m loading plugin "fontsettings"... [0;32mOK[0m 
[0;36minfo:[0m loading plugin "theme-default"... [0;32mOK[0m 
[0;36minfo:[0m found 3 pages 
[0;36minfo:[0m found 2 asset files 
[0;36minfo:[0m [0;32m>> [0mgeneration finished with success in 0.7s ! 

Starting server ...
Serving book on http://localhost:4000
Live reload server started on port: 35729
Press CTRL+C to quit ...

[0;36minfo:[0m 7 plugins are installed 
[0;36minfo:[0m loading plugin "livereload"... [0;32mOK[0m 
[0;36minfo:[0m loading plugin "highlight"... [0;32mOK[0m 
[0;36minfo:[0m loading plugin "search"... [0;32mOK[0m 
[0;36minfo:[0m loading plugin "lunr"... [0;32mOK[0m 
[0;36minfo:[0m loading plugin "sharing"... [0;32mOK[0m 
[0;36minfo:[0m loading plugin "fontsettings"... [0;32mOK[0m 
[0;36minfo:[0m loading plugin "theme-default"... [0;32mOK[0m 
[0;36minfo:[0m found 3 pages 
[0;36minfo:[0m found 2 asset files 
[0;36minfo:[0m [0;32m>> [0mgeneration finished with success in 0.6s ! 

Starting server ...
Serving book on http://localhost:4000
Restart after change in file 202006/note.md

Stopping server
[0;36minfo:[0m 7 plugins are installed 
[0;36minfo:[0m loading plugin "livereload"... [0;32mOK[0m 
[0;36minfo:[0m loading plugin "highlight"... [0;32mOK[0m 
[0;36minfo:[0m loading plugin "search"... [0;32mOK[0m 
[0;36minfo:[0m loading plugin "lunr"... [0;32mOK[0m 
[0;36minfo:[0m loading plugin "sharing"... [0;32mOK[0m 
[0;36minfo:[0m loading plugin "fontsettings"... [0;32mOK[0m 
[0;36minfo:[0m loading plugin "theme-default"... [0;32mOK[0m 
[0;36minfo:[0m found 3 pages 
[0;36minfo:[0m found 2 asset files 
[0;36minfo:[0m [0;32m>> [0mgeneration finished with success in 0.6s ! 

Starting server ...
Serving book on http://localhost:4000
Restart after change in file 20200701/note.md

Stopping server
[0;36minfo:[0m 7 plugins are installed 
[0;36minfo:[0m loading plugin "livereload"... [0;32mOK[0m 
[0;36minfo:[0m loading plugin "highlight"... [0;32mOK[0m 
[0;36minfo:[0m loading plugin "search"... [0;32mOK[0m 
[0;36minfo:[0m loading plugin "lunr"... [0;32mOK[0m 
[0;36minfo:[0m loading plugin "sharing"... [0;32mOK[0m 
[0;36minfo:[0m loading plugin "fontsettings"... [0;32mOK[0m 
[0;36minfo:[0m loading plugin "theme-default"... [0;32mOK[0m 
[0;36minfo:[0m found 3 pages 
[0;36minfo:[0m found 2 asset files 
[0;36minfo:[0m [0;32m>> [0mgeneration finished with success in 0.5s ! 

Starting server ...
Serving book on http://localhost:4000
Restart after change in file 20200701/note.md

Stopping server
[0;36minfo:[0m 7 plugins are installed 
[0;36minfo:[0m loading plugin "livereload"... [0;32mOK[0m 
[0;36minfo:[0m loading plugin "highlight"... [0;32mOK[0m 
[0;36minfo:[0m loading plugin "search"... [0;32mOK[0m 
[0;36minfo:[0m loading plugin "lunr"... [0;32mOK[0m 
[0;36minfo:[0m loading plugin "sharing"... [0;32mOK[0m 
[0;36minfo:[0m loading plugin "fontsettings"... [0;32mOK[0m 
[0;36minfo:[0m loading plugin "theme-default"... [0;32mOK[0m 
[0;36minfo:[0m found 3 pages 
[0;36minfo:[0m found 2 asset files 
[0;36minfo:[0m [0;32m>> [0mgeneration finished with success in 0.5s ! 

Starting server ...
Serving book on http://localhost:4000
Restart after change in file 20200701/note.md

Stopping server
[0;36minfo:[0m 7 plugins are installed 
[0;36minfo:[0m loading plugin "livereload"... [0;32mOK[0m 
[0;36minfo:[0m loading plugin "highlight"... [0;32mOK[0m 
[0;36minfo:[0m loading plugin "search"... [0;32mOK[0m 
[0;36minfo:[0m loading plugin "lunr"... [0;32mOK[0m 
[0;36minfo:[0m loading plugin "sharing"... [0;32mOK[0m 
[0;36minfo:[0m loading plugin "fontsettings"... [0;32mOK[0m 
[0;36minfo:[0m loading plugin "theme-default"... [0;32mOK[0m 
[0;36minfo:[0m found 3 pages 
[0;36minfo:[0m found 3 asset files 
[0;36minfo:[0m [0;32m>> [0mgeneration finished with success in 0.6s ! 

Starting server ...
Serving book on http://localhost:4000
Restart after change in file 20200701/note.md

Stopping server
[0;36minfo:[0m 7 plugins are installed 
[0;36minfo:[0m loading plugin "livereload"... [0;32mOK[0m 
[0;36minfo:[0m loading plugin "highlight"... [0;32mOK[0m 
[0;36minfo:[0m loading plugin "search"... [0;32mOK[0m 
[0;36minfo:[0m loading plugin "lunr"... [0;32mOK[0m 
[0;36minfo:[0m loading plugin "sharing"... [0;32mOK[0m 
[0;36minfo:[0m loading plugin "fontsettings"... [0;32mOK[0m 
[0;36minfo:[0m loading plugin "theme-default"... [0;32mOK[0m 
[0;36minfo:[0m found 3 pages 
[0;36minfo:[0m found 2 asset files 
[0;36minfo:[0m [0;32m>> [0mgeneration finished with success in 0.4s ! 

Starting server ...
Serving book on http://localhost:4000
Restart after change in file 20200701/note.md

Stopping server
[0;36minfo:[0m 7 plugins are installed 
[0;36minfo:[0m loading plugin "livereload"... [0;32mOK[0m 
[0;36minfo:[0m loading plugin "highlight"... [0;32mOK[0m 
[0;36minfo:[0m loading plugin "search"... [0;32mOK[0m 
[0;36minfo:[0m loading plugin "lunr"... [0;32mOK[0m 
[0;36minfo:[0m loading plugin "sharing"... [0;32mOK[0m 
[0;36minfo:[0m loading plugin "fontsettings"... [0;32mOK[0m 
[0;36minfo:[0m loading plugin "theme-default"... [0;32mOK[0m 
[0;36minfo:[0m found 3 pages 
[0;36minfo:[0m found 2 asset files 
[0;36minfo:[0m [0;32m>> [0mgeneration finished with success in 0.5s ! 

Starting server ...
Serving book on http://localhost:4000
Restart after change in file 20200701/note.md

Stopping server
[0;36minfo:[0m 7 plugins are installed 
[0;36minfo:[0m loading plugin "livereload"... [0;32mOK[0m 
[0;36minfo:[0m loading plugin "highlight"... [0;32mOK[0m 
[0;36minfo:[0m loading plugin "search"... [0;32mOK[0m 
[0;36minfo:[0m loading plugin "lunr"... [0;32mOK[0m 
[0;36minfo:[0m loading plugin "sharing"... [0;32mOK[0m 
[0;36minfo:[0m loading plugin "fontsettings"... [0;32mOK[0m 
[0;36minfo:[0m loading plugin "theme-default"... [0;32mOK[0m 
[0;36minfo:[0m found 3 pages 
[0;36minfo:[0m found 2 asset files 
[0;36minfo:[0m [0;32m>> [0mgeneration finished with success in 0.6s ! 

Starting server ...
Serving book on http://localhost:4000
Restart after change in file 20200701/note.md

Stopping server
[0;36minfo:[0m 7 plugins are installed 
[0;36minfo:[0m loading plugin "livereload"... [0;32mOK[0m 
[0;36minfo:[0m loading plugin "highlight"... [0;32mOK[0m 
[0;36minfo:[0m loading plugin "search"... [0;32mOK[0m 
[0;36minfo:[0m loading plugin "lunr"... [0;32mOK[0m 
[0;36minfo:[0m loading plugin "sharing"... [0;32mOK[0m 
[0;36minfo:[0m loading plugin "fontsettings"... [0;32mOK[0m 
[0;36minfo:[0m loading plugin "theme-default"... [0;32mOK[0m 
[0;36minfo:[0m found 3 pages 
[0;36minfo:[0m found 2 asset files 
[0;36minfo:[0m [0;32m>> [0mgeneration finished with success in 0.6s ! 

Starting server ...
Serving book on http://localhost:4000
Restart after change in file 20200701/note.md

Stopping server
[0;36minfo:[0m 7 plugins are installed 
[0;36minfo:[0m loading plugin "livereload"... [0;32mOK[0m 
[0;36minfo:[0m loading plugin "highlight"... [0;32mOK[0m 
[0;36minfo:[0m loading plugin "search"... [0;32mOK[0m 
[0;36minfo:[0m loading plugin "lunr"... [0;32mOK[0m 
[0;36minfo:[0m loading plugin "sharing"... [0;32mOK[0m 
[0;36minfo:[0m loading plugin "fontsettings"... [0;32mOK[0m 
[0;36minfo:[0m loading plugin "theme-default"... [0;32mOK[0m 
[0;36minfo:[0m found 3 pages 
[0;36minfo:[0m found 2 asset files 
[0;36minfo:[0m [0;32m>> [0mgeneration finished with success in 0.6s ! 

Starting server ...
Serving book on http://localhost:4000
Restart after change in file 20200701/note.md

Stopping server
[0;36minfo:[0m 7 plugins are installed 
[0;36minfo:[0m loading plugin "livereload"... [0;32mOK[0m 
[0;36minfo:[0m loading plugin "highlight"... [0;32mOK[0m 
[0;36minfo:[0m loading plugin "search"... [0;32mOK[0m 
[0;36minfo:[0m loading plugin "lunr"... [0;32mOK[0m 
[0;36minfo:[0m loading plugin "sharing"... [0;32mOK[0m 
[0;36minfo:[0m loading plugin "fontsettings"... [0;32mOK[0m 
[0;36minfo:[0m loading plugin "theme-default"... [0;32mOK[0m 
[0;36minfo:[0m found 3 pages 
[0;36minfo:[0m found 2 asset files 
[0;36minfo:[0m [0;32m>> [0mgeneration finished with success in 0.5s ! 

Starting server ...
Serving book on http://localhost:4000
Restart after change in file 20200701/note.md

Stopping server
[0;36minfo:[0m 7 plugins are installed 
[0;36minfo:[0m loading plugin "livereload"... [0;32mOK[0m 
[0;36minfo:[0m loading plugin "highlight"... [0;32mOK[0m 
[0;36minfo:[0m loading plugin "search"... [0;32mOK[0m 
[0;36minfo:[0m loading plugin "lunr"... [0;32mOK[0m 
[0;36minfo:[0m loading plugin "sharing"... [0;32mOK[0m 
[0;36minfo:[0m loading plugin "fontsettings"... [0;32mOK[0m 
[0;36minfo:[0m loading plugin "theme-default"... [0;32mOK[0m 
[0;36minfo:[0m found 3 pages 
[0;36minfo:[0m found 2 asset files 
[0;36minfo:[0m [0;32m>> [0mgeneration finished with success in 0.5s ! 

Starting server ...
Serving book on http://localhost:4000
Restart after change in file 20200701/note.md

Stopping server
[0;36minfo:[0m 7 plugins are installed 
[0;36minfo:[0m loading plugin "livereload"... [0;32mOK[0m 
[0;36minfo:[0m loading plugin "highlight"... [0;32mOK[0m 
[0;36minfo:[0m loading plugin "search"... [0;32mOK[0m 
[0;36minfo:[0m loading plugin "lunr"... [0;32mOK[0m 
[0;36minfo:[0m loading plugin "sharing"... [0;32mOK[0m 
[0;36minfo:[0m loading plugin "fontsettings"... [0;32mOK[0m 
[0;36minfo:[0m loading plugin "theme-default"... [0;32mOK[0m 
[0;36minfo:[0m found 3 pages 
[0;36minfo:[0m found 2 asset files 
[0;36minfo:[0m [0;32m>> [0mgeneration finished with success in 0.4s ! 

Starting server ...
Serving book on http://localhost:4000
Restart after change in file 20200701/note.md

Stopping server
[0;36minfo:[0m 7 plugins are installed 
[0;36minfo:[0m loading plugin "livereload"... [0;32mOK[0m 
[0;36minfo:[0m loading plugin "highlight"... [0;32mOK[0m 
[0;36minfo:[0m loading plugin "search"... [0;32mOK[0m 
[0;36minfo:[0m loading plugin "lunr"... [0;32mOK[0m 
[0;36minfo:[0m loading plugin "sharing"... [0;32mOK[0m 
[0;36minfo:[0m loading plugin "fontsettings"... [0;32mOK[0m 
[0;36minfo:[0m loading plugin "theme-default"... [0;32mOK[0m 
[0;36minfo:[0m found 3 pages 
[0;36minfo:[0m found 2 asset files 
